<?xml version="1.0" encoding="UTF-8"?>
<!-- Generated by org.testng.reporters.JUnitReportReporter -->
<testsuite hostname="system11" name="DriverFactory.DriverScript" tests="1" failures="0" timestamp="28 Jan 2020 02:45:57 GMT" time="23.544" errors="0">
  <testcase name="startTest" time="23.544" classname="DriverFactory.DriverScript"/>
</testsuite> <!-- DriverFactory.DriverScript -->
